<?xml version="1.0" encoding="UTF-8"?>
<testng-results ignored="0" total="7" passed="7" failed="0" skipped="0">
  <reporter-output>
  </reporter-output>
  <suite started-at="2024-07-17T21:19:17 IST" name="orange hrm suite" finished-at="2024-07-17T21:22:07 IST" duration-ms="169409">
    <groups>
    </groups>
    <test started-at="2024-07-17T21:19:17 IST" name="orange hrm test" finished-at="2024-07-17T21:22:07 IST" duration-ms="169409">
      <class name="com.HRM.tests.Adminpagetest">
        <test-method is-config="true" signature="setup()[pri:0, instance:com.HRM.tests.Adminpagetest@58cbafc2]" started-at="2024-07-17T21:21:02 IST" name="setup" finished-at="2024-07-17T21:21:21 IST" duration-ms="19523" status="PASS">
          <reporter-output>
          </reporter-output>
        </test-method> <!-- setup -->
        <test-method signature="adminlogotest()[pri:6, instance:com.HRM.tests.Adminpagetest@58cbafc2]" started-at="2024-07-17T21:21:21 IST" name="adminlogotest" finished-at="2024-07-17T21:21:23 IST" duration-ms="1769" status="PASS">
          <reporter-output>
          </reporter-output>
        </test-method> <!-- adminlogotest -->
        <test-method is-config="true" signature="teardown()[pri:0, instance:com.HRM.tests.Adminpagetest@58cbafc2]" started-at="2024-07-17T21:21:23 IST" name="teardown" finished-at="2024-07-17T21:21:25 IST" duration-ms="1659" status="PASS">
          <reporter-output>
          </reporter-output>
        </test-method> <!-- teardown -->
        <test-method is-config="true" signature="setup()[pri:0, instance:com.HRM.tests.Adminpagetest@58cbafc2]" started-at="2024-07-17T21:21:25 IST" name="setup" finished-at="2024-07-17T21:21:45 IST" duration-ms="20841" status="PASS">
          <reporter-output>
          </reporter-output>
        </test-method> <!-- setup -->
        <test-method signature="linktest()[pri:7, instance:com.HRM.tests.Adminpagetest@58cbafc2]" started-at="2024-07-17T21:21:45 IST" name="linktest" finished-at="2024-07-17T21:22:04 IST" duration-ms="18803" status="PASS">
          <reporter-output>
          </reporter-output>
        </test-method> <!-- linktest -->
        <test-method is-config="true" signature="teardown()[pri:0, instance:com.HRM.tests.Adminpagetest@58cbafc2]" started-at="2024-07-17T21:22:04 IST" name="teardown" finished-at="2024-07-17T21:22:07 IST" duration-ms="2223" status="PASS">
          <reporter-output>
          </reporter-output>
        </test-method> <!-- teardown -->
      </class> <!-- com.HRM.tests.Adminpagetest -->
      <class name="com.HRM.tests.LoginTest">
        <test-method is-config="true" signature="setup()[pri:0, instance:com.HRM.tests.LoginTest@38cee291]" started-at="2024-07-17T21:19:17 IST" name="setup" finished-at="2024-07-17T21:19:38 IST" duration-ms="20882" status="PASS">
          <reporter-output>
          </reporter-output>
        </test-method> <!-- setup -->
        <test-method signature="validatetitletest()[pri:1, instance:com.HRM.tests.LoginTest@38cee291]" started-at="2024-07-17T21:19:38 IST" name="validatetitletest" finished-at="2024-07-17T21:19:39 IST" duration-ms="1051" status="PASS">
          <reporter-output>
          </reporter-output>
        </test-method> <!-- validatetitletest -->
        <test-method is-config="true" signature="teardown()[pri:0, instance:com.HRM.tests.LoginTest@38cee291]" started-at="2024-07-17T21:19:39 IST" name="teardown" finished-at="2024-07-17T21:19:41 IST" duration-ms="1817" status="PASS">
          <reporter-output>
          </reporter-output>
        </test-method> <!-- teardown -->
        <test-method is-config="true" signature="setup()[pri:0, instance:com.HRM.tests.LoginTest@38cee291]" started-at="2024-07-17T21:19:41 IST" name="setup" finished-at="2024-07-17T21:19:53 IST" duration-ms="11683" status="PASS">
          <reporter-output>
          </reporter-output>
        </test-method> <!-- setup -->
        <test-method signature="validatelogotest()[pri:2, instance:com.HRM.tests.LoginTest@38cee291]" started-at="2024-07-17T21:19:53 IST" name="validatelogotest" finished-at="2024-07-17T21:19:55 IST" duration-ms="2159" status="PASS">
          <reporter-output>
          </reporter-output>
        </test-method> <!-- validatelogotest -->
        <test-method is-config="true" signature="teardown()[pri:0, instance:com.HRM.tests.LoginTest@38cee291]" started-at="2024-07-17T21:19:55 IST" name="teardown" finished-at="2024-07-17T21:19:57 IST" duration-ms="1649" status="PASS">
          <reporter-output>
          </reporter-output>
        </test-method> <!-- teardown -->
        <test-method is-config="true" signature="setup()[pri:0, instance:com.HRM.tests.LoginTest@38cee291]" started-at="2024-07-17T21:19:57 IST" name="setup" finished-at="2024-07-17T21:20:07 IST" duration-ms="10572" status="PASS">
          <reporter-output>
          </reporter-output>
        </test-method> <!-- setup -->
        <test-method signature="logintest()[pri:3, instance:com.HRM.tests.LoginTest@38cee291]" started-at="2024-07-17T21:20:07 IST" name="logintest" finished-at="2024-07-17T21:20:11 IST" duration-ms="3519" status="PASS">
          <reporter-output>
          </reporter-output>
        </test-method> <!-- logintest -->
        <test-method is-config="true" signature="teardown()[pri:0, instance:com.HRM.tests.LoginTest@38cee291]" started-at="2024-07-17T21:20:11 IST" name="teardown" finished-at="2024-07-17T21:20:13 IST" duration-ms="1630" status="PASS">
          <reporter-output>
          </reporter-output>
        </test-method> <!-- teardown -->
      </class> <!-- com.HRM.tests.LoginTest -->
      <class name="com.HRM.tests.Homepagetest">
        <test-method is-config="true" signature="setup()[pri:0, instance:com.HRM.tests.Homepagetest@1ca3b418]" started-at="2024-07-17T21:20:13 IST" name="setup" finished-at="2024-07-17T21:20:28 IST" duration-ms="15645" status="PASS">
          <reporter-output>
          </reporter-output>
        </test-method> <!-- setup -->
        <test-method signature="validatehomepagelogo()[pri:4, instance:com.HRM.tests.Homepagetest@1ca3b418]" started-at="2024-07-17T21:20:28 IST" name="validatehomepagelogo" finished-at="2024-07-17T21:20:30 IST" duration-ms="1876" status="PASS">
          <reporter-output>
          </reporter-output>
        </test-method> <!-- validatehomepagelogo -->
        <test-method is-config="true" signature="teardown()[pri:0, instance:com.HRM.tests.Homepagetest@1ca3b418]" started-at="2024-07-17T21:20:30 IST" name="teardown" finished-at="2024-07-17T21:20:32 IST" duration-ms="1852" status="PASS">
          <reporter-output>
          </reporter-output>
        </test-method> <!-- teardown -->
        <test-method is-config="true" signature="setup()[pri:0, instance:com.HRM.tests.Homepagetest@1ca3b418]" started-at="2024-07-17T21:20:32 IST" name="setup" finished-at="2024-07-17T21:20:50 IST" duration-ms="18422" status="PASS">
          <reporter-output>
          </reporter-output>
        </test-method> <!-- setup -->
        <test-method signature="adminlinktest()[pri:5, instance:com.HRM.tests.Homepagetest@1ca3b418]" started-at="2024-07-17T21:20:50 IST" name="adminlinktest" finished-at="2024-07-17T21:21:00 IST" duration-ms="9376" status="PASS">
          <reporter-output>
          </reporter-output>
        </test-method> <!-- adminlinktest -->
        <test-method is-config="true" signature="teardown()[pri:0, instance:com.HRM.tests.Homepagetest@1ca3b418]" started-at="2024-07-17T21:21:00 IST" name="teardown" finished-at="2024-07-17T21:21:02 IST" duration-ms="1930" status="PASS">
          <reporter-output>
          </reporter-output>
        </test-method> <!-- teardown -->
      </class> <!-- com.HRM.tests.Homepagetest -->
    </test> <!-- orange hrm test -->
  </suite> <!-- orange hrm suite -->
</testng-results>
