<?xml version="1.0" encoding="UTF-8"?>
<testng-results ignored="0" total="7" passed="7" failed="0" skipped="0">
  <reporter-output>
  </reporter-output>
  <suite started-at="2024-07-13T20:47:21 IST" name="orange hrm suite" finished-at="2024-07-13T20:50:24 IST" duration-ms="183305">
    <groups>
    </groups>
    <test started-at="2024-07-13T20:47:21 IST" name="orange hrm test" finished-at="2024-07-13T20:50:24 IST" duration-ms="183305">
      <class name="com.HRM.tests.Adminpagetest">
        <test-method is-config="true" signature="setup()[pri:0, instance:com.HRM.tests.Adminpagetest@58cbafc2]" started-at="2024-07-13T20:49:14 IST" name="setup" finished-at="2024-07-13T20:49:36 IST" duration-ms="21841" status="PASS">
          <reporter-output>
          </reporter-output>
        </test-method> <!-- setup -->
        <test-method signature="adminlogotest()[pri:6, instance:com.HRM.tests.Adminpagetest@58cbafc2]" started-at="2024-07-13T20:49:36 IST" name="adminlogotest" finished-at="2024-07-13T20:49:37 IST" duration-ms="1360" status="PASS">
          <reporter-output>
          </reporter-output>
        </test-method> <!-- adminlogotest -->
        <test-method is-config="true" signature="teardown()[pri:0, instance:com.HRM.tests.Adminpagetest@58cbafc2]" started-at="2024-07-13T20:49:37 IST" name="teardown" finished-at="2024-07-13T20:49:39 IST" duration-ms="1726" status="PASS">
          <reporter-output>
          </reporter-output>
        </test-method> <!-- teardown -->
        <test-method is-config="true" signature="setup()[pri:0, instance:com.HRM.tests.Adminpagetest@58cbafc2]" started-at="2024-07-13T20:49:39 IST" name="setup" finished-at="2024-07-13T20:50:01 IST" duration-ms="21671" status="PASS">
          <reporter-output>
          </reporter-output>
        </test-method> <!-- setup -->
        <test-method signature="linktest()[pri:7, instance:com.HRM.tests.Adminpagetest@58cbafc2]" started-at="2024-07-13T20:50:01 IST" name="linktest" finished-at="2024-07-13T20:50:21 IST" duration-ms="20461" status="PASS">
          <reporter-output>
          </reporter-output>
        </test-method> <!-- linktest -->
        <test-method is-config="true" signature="teardown()[pri:0, instance:com.HRM.tests.Adminpagetest@58cbafc2]" started-at="2024-07-13T20:50:21 IST" name="teardown" finished-at="2024-07-13T20:50:24 IST" duration-ms="2635" status="PASS">
          <reporter-output>
          </reporter-output>
        </test-method> <!-- teardown -->
      </class> <!-- com.HRM.tests.Adminpagetest -->
      <class name="com.HRM.tests.LoginTest">
        <test-method is-config="true" signature="setup()[pri:0, instance:com.HRM.tests.LoginTest@38cee291]" started-at="2024-07-13T20:47:21 IST" name="setup" finished-at="2024-07-13T20:47:44 IST" duration-ms="23194" status="PASS">
          <reporter-output>
          </reporter-output>
        </test-method> <!-- setup -->
        <test-method signature="validatetitletest()[pri:1, instance:com.HRM.tests.LoginTest@38cee291]" started-at="2024-07-13T20:47:44 IST" name="validatetitletest" finished-at="2024-07-13T20:47:44 IST" duration-ms="171" status="PASS">
          <reporter-output>
          </reporter-output>
        </test-method> <!-- validatetitletest -->
        <test-method is-config="true" signature="teardown()[pri:0, instance:com.HRM.tests.LoginTest@38cee291]" started-at="2024-07-13T20:47:44 IST" name="teardown" finished-at="2024-07-13T20:47:46 IST" duration-ms="1922" status="PASS">
          <reporter-output>
          </reporter-output>
        </test-method> <!-- teardown -->
        <test-method is-config="true" signature="setup()[pri:0, instance:com.HRM.tests.LoginTest@38cee291]" started-at="2024-07-13T20:47:46 IST" name="setup" finished-at="2024-07-13T20:47:58 IST" duration-ms="11863" status="PASS">
          <reporter-output>
          </reporter-output>
        </test-method> <!-- setup -->
        <test-method signature="validatelogotest()[pri:2, instance:com.HRM.tests.LoginTest@38cee291]" started-at="2024-07-13T20:47:58 IST" name="validatelogotest" finished-at="2024-07-13T20:48:00 IST" duration-ms="2221" status="PASS">
          <reporter-output>
          </reporter-output>
        </test-method> <!-- validatelogotest -->
        <test-method is-config="true" signature="teardown()[pri:0, instance:com.HRM.tests.LoginTest@38cee291]" started-at="2024-07-13T20:48:01 IST" name="teardown" finished-at="2024-07-13T20:48:02 IST" duration-ms="1642" status="PASS">
          <reporter-output>
          </reporter-output>
        </test-method> <!-- teardown -->
        <test-method is-config="true" signature="setup()[pri:0, instance:com.HRM.tests.LoginTest@38cee291]" started-at="2024-07-13T20:48:02 IST" name="setup" finished-at="2024-07-13T20:48:14 IST" duration-ms="11687" status="PASS">
          <reporter-output>
          </reporter-output>
        </test-method> <!-- setup -->
        <test-method signature="logintest()[pri:3, instance:com.HRM.tests.LoginTest@38cee291]" started-at="2024-07-13T20:48:14 IST" name="logintest" finished-at="2024-07-13T20:48:20 IST" duration-ms="6074" status="PASS">
          <reporter-output>
          </reporter-output>
        </test-method> <!-- logintest -->
        <test-method is-config="true" signature="teardown()[pri:0, instance:com.HRM.tests.LoginTest@38cee291]" started-at="2024-07-13T20:48:20 IST" name="teardown" finished-at="2024-07-13T20:48:22 IST" duration-ms="1783" status="PASS">
          <reporter-output>
          </reporter-output>
        </test-method> <!-- teardown -->
      </class> <!-- com.HRM.tests.LoginTest -->
      <class name="com.HRM.tests.Homepagetest">
        <test-method is-config="true" signature="setup()[pri:0, instance:com.HRM.tests.Homepagetest@1ca3b418]" started-at="2024-07-13T20:48:22 IST" name="setup" finished-at="2024-07-13T20:48:37 IST" duration-ms="15612" status="PASS">
          <reporter-output>
          </reporter-output>
        </test-method> <!-- setup -->
        <test-method signature="validatehomepagelogo()[pri:4, instance:com.HRM.tests.Homepagetest@1ca3b418]" started-at="2024-07-13T20:48:37 IST" name="validatehomepagelogo" finished-at="2024-07-13T20:48:42 IST" duration-ms="4182" status="PASS">
          <reporter-output>
          </reporter-output>
        </test-method> <!-- validatehomepagelogo -->
        <test-method is-config="true" signature="teardown()[pri:0, instance:com.HRM.tests.Homepagetest@1ca3b418]" started-at="2024-07-13T20:48:42 IST" name="teardown" finished-at="2024-07-13T20:48:44 IST" duration-ms="2099" status="PASS">
          <reporter-output>
          </reporter-output>
        </test-method> <!-- teardown -->
        <test-method is-config="true" signature="setup()[pri:0, instance:com.HRM.tests.Homepagetest@1ca3b418]" started-at="2024-07-13T20:48:44 IST" name="setup" finished-at="2024-07-13T20:49:01 IST" duration-ms="16838" status="PASS">
          <reporter-output>
          </reporter-output>
        </test-method> <!-- setup -->
        <test-method signature="adminlinktest()[pri:5, instance:com.HRM.tests.Homepagetest@1ca3b418]" started-at="2024-07-13T20:49:01 IST" name="adminlinktest" finished-at="2024-07-13T20:49:12 IST" duration-ms="11833" status="PASS">
          <reporter-output>
          </reporter-output>
        </test-method> <!-- adminlinktest -->
        <test-method is-config="true" signature="teardown()[pri:0, instance:com.HRM.tests.Homepagetest@1ca3b418]" started-at="2024-07-13T20:49:12 IST" name="teardown" finished-at="2024-07-13T20:49:14 IST" duration-ms="1736" status="PASS">
          <reporter-output>
          </reporter-output>
        </test-method> <!-- teardown -->
      </class> <!-- com.HRM.tests.Homepagetest -->
    </test> <!-- orange hrm test -->
  </suite> <!-- orange hrm suite -->
</testng-results>
