<?xml version="1.0" encoding="UTF-8"?>
<!-- Generated by org.testng.reporters.JUnitXMLReporter -->
<testsuite ignored="0" hostname="DESKTOP-JGGV311" failures="8" tests="15" name="orange hrm test" time="213.435" errors="0" timestamp="2023-09-05T00:52:19 IST">
  <testcase classname="com.HRM.tests.LoginTest" name="validatetitletest" time="0.142"/>
  <testcase classname="com.HRM.tests.LoginTest" name="validatelogotest" time="2.725"/>
  <testcase classname="com.HRM.tests.LoginTest" name="logintest" time="3.499"/>
  <testcase classname="com.HRM.tests.LoginTest" name="validatetitletest" time="0.054">
    <failure type="java.lang.NullPointerException" message="Cannot invoke &amp;quot;com.HRM.Pages.Loginpage.validatetitle()&amp;quot; because &amp;quot;this.log&amp;quot; is null">
      <![CDATA[java.lang.NullPointerException: Cannot invoke "com.HRM.Pages.Loginpage.validatetitle()" because "this.log" is null
at com.HRM.tests.LoginTest.validatetitletest(LoginTest.java:30)
at java.base/java.util.ArrayList.forEach(ArrayList.java:1511)
... Removed 27 stack frames]]>
    </failure>
  </testcase> <!-- validatetitletest -->
  <testcase classname="com.HRM.tests.LoginTest" name="validatelogotest" time="0.018">
    <failure type="java.lang.NullPointerException" message="Cannot invoke &amp;quot;com.HRM.Pages.Loginpage.validateloge()&amp;quot; because &amp;quot;this.log&amp;quot; is null">
      <![CDATA[java.lang.NullPointerException: Cannot invoke "com.HRM.Pages.Loginpage.validateloge()" because "this.log" is null
at com.HRM.tests.LoginTest.validatelogotest(LoginTest.java:37)
at java.base/java.util.ArrayList.forEach(ArrayList.java:1511)
... Removed 27 stack frames]]>
    </failure>
  </testcase> <!-- validatelogotest -->
  <testcase classname="com.HRM.tests.LoginTest" name="logintest" time="0.028">
    <failure type="java.lang.NullPointerException" message="Cannot invoke &amp;quot;com.HRM.Pages.Loginpage.validatelogin(String, String)&amp;quot; because &amp;quot;this.log&amp;quot; is null">
      <![CDATA[java.lang.NullPointerException: Cannot invoke "com.HRM.Pages.Loginpage.validatelogin(String, String)" because "this.log" is null
at com.HRM.tests.LoginTest.logintest(LoginTest.java:44)
at java.base/java.util.ArrayList.forEach(ArrayList.java:1511)
... Removed 27 stack frames]]>
    </failure>
  </testcase> <!-- logintest -->
  <testcase classname="com.HRM.tests.Homepagetest" name="validatehomepagelogo" time="0.0">
    <skipped/>
  </testcase> <!-- validatehomepagelogo -->
  <testcase classname="com.HRM.tests.Homepagetest" name="adminlinktest" time="10.856">
    <failure type="java.lang.AssertionError" message="expected [true] but found [false]">
      <![CDATA[java.lang.AssertionError: expected [true] but found [false]
at com.HRM.tests.Homepagetest.adminlinktest(Homepagetest.java:39)
at java.base/java.util.ArrayList.forEach(ArrayList.java:1511)
... Removed 31 stack frames]]>
    </failure>
  </testcase> <!-- adminlinktest -->
  <testcase classname="com.HRM.tests.LoginTest" name="validatetitletest" time="0.018">
    <failure type="java.lang.NullPointerException" message="Cannot invoke &amp;quot;com.HRM.Pages.Loginpage.validatetitle()&amp;quot; because &amp;quot;this.log&amp;quot; is null">
      <![CDATA[java.lang.NullPointerException: Cannot invoke "com.HRM.Pages.Loginpage.validatetitle()" because "this.log" is null
at com.HRM.tests.LoginTest.validatetitletest(LoginTest.java:30)
at java.base/java.util.ArrayList.forEach(ArrayList.java:1511)
... Removed 27 stack frames]]>
    </failure>
  </testcase> <!-- validatetitletest -->
  <testcase classname="com.HRM.tests.LoginTest" name="validatelogotest" time="0.025">
    <failure type="java.lang.NullPointerException" message="Cannot invoke &amp;quot;com.HRM.Pages.Loginpage.validateloge()&amp;quot; because &amp;quot;this.log&amp;quot; is null">
      <![CDATA[java.lang.NullPointerException: Cannot invoke "com.HRM.Pages.Loginpage.validateloge()" because "this.log" is null
at com.HRM.tests.LoginTest.validatelogotest(LoginTest.java:37)
at java.base/java.util.ArrayList.forEach(ArrayList.java:1511)
... Removed 27 stack frames]]>
    </failure>
  </testcase> <!-- validatelogotest -->
  <testcase classname="com.HRM.tests.LoginTest" name="logintest" time="0.018">
    <failure type="java.lang.NullPointerException" message="Cannot invoke &amp;quot;com.HRM.Pages.Loginpage.validatelogin(String, String)&amp;quot; because &amp;quot;this.log&amp;quot; is null">
      <![CDATA[java.lang.NullPointerException: Cannot invoke "com.HRM.Pages.Loginpage.validatelogin(String, String)" because "this.log" is null
at com.HRM.tests.LoginTest.logintest(LoginTest.java:44)
at java.base/java.util.ArrayList.forEach(ArrayList.java:1511)
... Removed 27 stack frames]]>
    </failure>
  </testcase> <!-- logintest -->
  <testcase classname="com.HRM.tests.Homepagetest" name="validatehomepagelogo" time="0.0">
    <skipped/>
  </testcase> <!-- validatehomepagelogo -->
  <testcase classname="com.HRM.tests.Homepagetest" name="adminlinktest" time="0.048">
    <failure type="java.lang.NullPointerException" message="Cannot invoke &amp;quot;com.HRM.Pages.HomePage.adminlinkpage()&amp;quot; because &amp;quot;this.home&amp;quot; is null">
      <![CDATA[java.lang.NullPointerException: Cannot invoke "com.HRM.Pages.HomePage.adminlinkpage()" because "this.home" is null
at com.HRM.tests.Homepagetest.adminlinktest(Homepagetest.java:37)
at java.base/java.util.ArrayList.forEach(ArrayList.java:1511)
... Removed 27 stack frames]]>
    </failure>
  </testcase> <!-- adminlinktest -->
  <testcase classname="com.HRM.tests.Adminpagetest" name="adminlogotest" time="0.001">
    <skipped/>
  </testcase> <!-- adminlogotest -->
  <testcase classname="com.HRM.tests.Adminpagetest" name="linktest" time="0.001">
    <skipped/>
  </testcase> <!-- linktest -->
</testsuite> <!-- orange hrm test -->
