<?xml version="1.0" encoding="UTF-8"?>
<!-- Generated by org.testng.reporters.JUnitXMLReporter -->
<testsuite ignored="0" hostname="DESKTOP-JGGV311" failures="0" tests="7" name="orange hrm test" time="169.409" errors="0" timestamp="2024-07-17T21:22:07 IST">
  <testcase classname="com.HRM.tests.LoginTest" name="validatetitletest" time="1.051"/>
  <testcase classname="com.HRM.tests.LoginTest" name="validatelogotest" time="2.159"/>
  <testcase classname="com.HRM.tests.LoginTest" name="logintest" time="3.519"/>
  <testcase classname="com.HRM.tests.Homepagetest" name="validatehomepagelogo" time="1.876"/>
  <testcase classname="com.HRM.tests.Homepagetest" name="adminlinktest" time="9.376"/>
  <testcase classname="com.HRM.tests.Adminpagetest" name="adminlogotest" time="1.769"/>
  <testcase classname="com.HRM.tests.Adminpagetest" name="linktest" time="18.803"/>
</testsuite> <!-- orange hrm test -->
