<?xml version="1.0" encoding="UTF-8"?>
<!-- Generated by org.testng.reporters.JUnitXMLReporter -->
<testsuite ignored="1" hostname="DESKTOP-JGGV311" failures="0" tests="1" name="orange hrm test(failed)" time="39.291" errors="0" timestamp="2024-06-25T17:21:01 IST">
  <testcase classname="com.HRM.tests.Homepagetest" name="adminlinktest" time="9.4"/>
  <testcase classname="com.HRM.tests.Homepagetest" name="validatehomepagelogo" time="0.0">
    <ignored/>
  </testcase> <!-- validatehomepagelogo -->
</testsuite> <!-- orange hrm test(failed) -->
